{
  "RSpec": {
    "coverage": {
      "/Users/sekrett/code/api_wifi/api/spec/support/json_helper.rb": [
        1,
        1,
        44,
        44,
        44,
        null,
        null,
        1,
        0,
        null,
        null,
        null,
        null,
        null,
        null
      ],
      "/Users/sekrett/code/api_wifi/api/spec/support/sign_in_helper.rb": [
        1,
        1,
        24,
        24,
        null,
        null
      ],
      "/Users/sekrett/code/api_wifi/api/spec/support/uri_helper.rb": [
        1,
        1,
        53,
        null,
        null
      ],
      "/Users/sekrett/code/api_wifi/api/spec/requests/api/clients/index_spec.rb": [
        1,
        1,
        1,
        8,
        8,
        8,
        1,
        7,
        7,
        7,
        null,
        null,
        1,
        1,
        1,
        null,
        1,
        1,
        null,
        null,
        null,
        1,
        1,
        1,
        null,
        1,
        1,
        null,
        null,
        null,
        1,
        1,
        1,
        null,
        1,
        1,
        null,
        null,
        1,
        1,
        1,
        null,
        1,
        1,
        null,
        null,
        null,
        1,
        1,
        1,
        null,
        1,
        1,
        null,
        null,
        1,
        1,
        null,
        1,
        1,
        null,
        null,
        1,
        1,
        1,
        null,
        1,
        null,
        null,
        null,
        null
      ],
      "/Users/sekrett/code/api_wifi/api/spec/rails_helper.rb": [
        null,
        1,
        1,
        null,
        1,
        1,
        1,
        1,
        1,
        1,
        null,
        null,
        null,
        null,
        null,
        null,
        null,
        null,
        null,
        null,
        null,
        null,
        null,
        null,
        null,
        null,
        4,
        null,
        null,
        null,
        null,
        1,
        null,
        1,
        null,
        1,
        null,
        null,
        null,
        null,
        null,
        null,
        1,
        1,
        null,
        null,
        null,
        null,
        null,
        null,
        null,
        null,
        null,
        null,
        null,
        null,
        null,
        1,
        null,
        null,
        null,
        null,
        null,
        null,
        null,
        null,
        null,
        1,
        1,
        31,
        null,
        null,
        1,
        31,
        31,
        null,
        null,
        null,
        null,
        1,
        1,
        null,
        1,
        null,
        1,
        null,
        null
      ],
      "/Users/sekrett/code/api_wifi/api/config/environment.rb": [
        null,
        1,
        null,
        null,
        1
      ],
      "/Users/sekrett/code/api_wifi/api/config/application.rb": [
        1,
        null,
        1,
        null,
        1,
        1,
        1,
        1,
        1,
        1,
        1,
        1,
        1,
        null,
        null,
        null,
        null,
        null,
        1,
        null,
        1,
        1,
        null,
        1,
        null,
        1,
        1,
        1,
        1,
        null,
        null,
        1,
        1,
        1,
        null,
        null,
        1,
        1,
        null,
        null,
        null,
        1,
        1,
        1,
        1,
        null,
        null,
        null,
        1,
        1,
        1,
        null,
        null
      ],
      "/Users/sekrett/code/api_wifi/api/config/boot.rb": [
        1,
        null,
        1
      ],
      "/Users/sekrett/code/api_wifi/api/config/initializers/log_before_timeout.rb": [
        1,
        1,
        1,
        null,
        null,
        1,
        53,
        53,
        53,
        53,
        0,
        0,
        0,
        0,
        0,
        0,
        0,
        null,
        null,
        53,
        null,
        53,
        53,
        null,
        null
      ],
      "/Users/sekrett/code/api_wifi/api/config/environments/test.rb": [
        1,
        null,
        null,
        null,
        null,
        null,
        null,
        1,
        null,
        null,
        null,
        null,
        1,
        null,
        null,
        1,
        1,
        null,
        null,
        null,
        null,
        1,
        1,
        null,
        null,
        1,
        null,
        null,
        1,
        1,
        null,
        null,
        null,
        null,
        1,
        null,
        null,
        1,
        null,
        null,
        null,
        1,
        1,
        1,
        1,
        null,
        null
      ],
      "/Users/sekrett/code/api_wifi/api/config/initializers/application_controller_renderer.rb": [
        null,
        null,
        null,
        null,
        null,
        null
      ],
      "/Users/sekrett/code/api_wifi/api/config/initializers/backtrace_silencers.rb": [
        null,
        null,
        null,
        null,
        null,
        null,
        null
      ],
      "/Users/sekrett/code/api_wifi/api/config/initializers/delayed_job_config.rb": [
        1,
        0,
        0,
        0,
        0,
        0,
        0,
        0,
        0,
        0,
        null
      ],
      "/Users/sekrett/code/api_wifi/api/config/initializers/filter_parameter_logging.rb": [
        null,
        null,
        null,
        null
      ],
      "/Users/sekrett/code/api_wifi/api/config/initializers/friendly_id.rb": [
        null,
        null,
        null,
        null,
        null,
        null,
        null,
        null,
        null,
        null,
        null,
        1,
        null,
        null,
        null,
        null,
        2,
        null,
        2,
        null,
        null,
        null,
        null,
        null,
        null,
        null,
        null,
        null,
        null,
        null,
        null,
        null,
        null,
        null,
        null,
        null,
        null,
        null,
        null,
        null,
        null,
        null,
        null,
        null,
        null,
        null,
        null,
        null,
        null,
        null,
        null,
        null,
        null,
        null,
        null,
        null,
        null,
        null,
        null,
        null,
        null,
        null,
        null,
        null,
        null,
        null,
        null,
        null,
        null,
        null,
        null,
        null,
        null,
        null,
        null,
        null,
        null,
        null,
        null,
        null,
        null,
        null,
        null,
        null,
        null,
        null,
        null,
        null
      ],
      "/Users/sekrett/code/api_wifi/api/config/initializers/inflections.rb": [
        null,
        null,
        null,
        null,
        null,
        null,
        null,
        null,
        null,
        null,
        null,
        null,
        null,
        null,
        null,
        null
      ],
      "/Users/sekrett/code/api_wifi/api/config/initializers/instagram.rb": [
        1,
        1,
        1,
        1,
        null
      ],
      "/Users/sekrett/code/api_wifi/api/config/initializers/kaminari_config.rb": [
        1,
        1,
        null,
        null,
        null,
        null,
        null,
        null,
        null,
        null
      ],
      "/Users/sekrett/code/api_wifi/api/config/initializers/mime_types.rb": [
        null,
        null,
        null,
        null,
        1,
        null
      ],
      "/Users/sekrett/code/api_wifi/api/config/initializers/new_framework_defaults.rb": [
        null,
        null,
        null,
        null,
        null,
        null,
        null,
        null,
        1,
        null,
        null,
        1,
        null,
        null,
        1,
        null,
        null,
        1
      ],
      "/Users/sekrett/code/api_wifi/api/config/initializers/omniauth.rb": [
        null,
        null,
        null
      ],
      "/Users/sekrett/code/api_wifi/api/config/initializers/redis.rb": [
        1
      ],
      "/Users/sekrett/code/api_wifi/api/config/initializers/session_store.rb": [
        null
      ],
      "/Users/sekrett/code/api_wifi/api/config/initializers/wrap_parameters.rb": [
        null,
        null,
        null,
        null,
        null,
        null,
        1,
        2,
        null,
        null,
        null,
        null,
        null,
        null
      ],
      "/Users/sekrett/code/api_wifi/api/spec/factories/answer.rb": [
        1,
        1,
        4,
        null,
        1,
        1,
        3,
        null,
        null,
        null,
        null
      ],
      "/Users/sekrett/code/api_wifi/api/spec/factories/attempt.rb": [
        1,
        1,
        1,
        7,
        1,
        null,
        null
      ],
      "/Users/sekrett/code/api_wifi/api/spec/factories/brand.rb": [
        1,
        1,
        66,
        1,
        1,
        null,
        null
      ],
      "/Users/sekrett/code/api_wifi/api/spec/factories/category.rb": [
        1,
        1,
        66,
        66,
        null,
        null
      ],
      "/Users/sekrett/code/api_wifi/api/spec/factories/client.rb": [
        1,
        1,
        43,
        null,
        null
      ],
      "/Users/sekrett/code/api_wifi/api/spec/factories/client_counter.rb": [
        1,
        1,
        1,
        1,
        24,
        null,
        null
      ],
      "/Users/sekrett/code/api_wifi/api/spec/factories/layout.rb": [
        1,
        1,
        66,
        66,
        null,
        null
      ],
      "/Users/sekrett/code/api_wifi/api/spec/factories/location.rb": [
        1,
        1,
        66,
        66,
        66,
        66,
        1,
        1,
        1,
        66,
        1,
        1,
        1,
        66,
        1,
        1,
        1,
        1,
        1,
        1,
        1,
        3,
        null,
        null,
        null,
        null
      ],
      "/Users/sekrett/code/api_wifi/api/spec/factories/opinion.rb": [
        1,
        1,
        1,
        3,
        1,
        null,
        null
      ],
      "/Users/sekrett/code/api_wifi/api/spec/factories/poll.rb": [
        1,
        1,
        5,
        1,
        1,
        1,
        3,
        null,
        null,
        null,
        null,
        null
      ],
      "/Users/sekrett/code/api_wifi/api/spec/factories/question.rb": [
        1,
        1,
        5,
        1,
        1,
        3,
        null,
        null,
        null,
        null,
        null,
        null
      ],
      "/Users/sekrett/code/api_wifi/api/spec/factories/router.rb": [
        1,
        1,
        22,
        22,
        1,
        1,
        1,
        1,
        22,
        1,
        1,
        1,
        1,
        1,
        22,
        1,
        1,
        1,
        1,
        22,
        1,
        1,
        1,
        1,
        1,
        1,
        null,
        null
      ],
      "/Users/sekrett/code/api_wifi/api/spec/factories/social_account.rb": [
        1,
        1,
        22,
        22,
        1,
        22,
        22,
        22,
        22,
        9,
        1,
        4,
        4,
        4,
        1,
        1,
        null,
        null
      ],
      "/Users/sekrett/code/api_wifi/api/spec/factories/social_log.rb": [
        1,
        1,
        1,
        4,
        1,
        1,
        null,
        null
      ],
      "/Users/sekrett/code/api_wifi/api/spec/factories/user.rb": [
        1,
        1,
        108,
        108,
        108,
        1,
        1,
        null,
        1,
        1,
        null,
        null,
        null
      ],
      "/Users/sekrett/code/api_wifi/api/config/routes.rb": [
        null,
        null,
        null,
        null,
        null,
        null,
        null,
        null,
        null,
        null,
        null,
        null,
        null,
        null,
        null,
        null,
        null,
        null,
        null,
        null,
        null,
        null,
        null,
        null,
        null,
        null,
        null,
        null,
        null,
        null,
        null,
        null,
        null,
        null,
        null,
        null,
        null,
        null,
        null,
        null,
        null,
        null,
        null,
        null,
        null,
        null,
        null,
        null,
        null,
        null,
        null,
        null,
        null,
        null,
        null,
        null,
        null,
        null,
        null,
        null,
        null,
        null,
        null,
        null,
        null,
        null,
        null,
        null,
        null,
        null,
        null,
        null,
        null,
        null,
        null,
        null,
        null,
        null,
        null,
        null,
        null,
        null,
        null,
        null,
        null,
        null,
        null,
        null,
        null,
        null,
        null,
        null,
        null,
        null,
        null,
        null,
        null,
        null,
        null,
        null,
        null,
        null,
        null,
        null,
        null,
        null,
        null,
        null,
        null,
        null,
        null,
        null,
        null,
        null,
        null,
        null,
        null,
        null,
        null,
        null,
        null,
        null,
        null,
        null,
        null,
        null,
        null,
        null,
        null,
        null,
        null,
        null,
        null,
        null,
        null,
        null,
        null,
        null,
        1,
        null,
        1,
        null,
        1,
        1,
        1,
        1,
        1,
        1,
        1,
        1,
        1,
        1,
        1,
        1,
        1,
        null,
        1,
        1,
        1,
        null,
        null,
        1,
        null,
        null,
        1,
        null,
        1,
        1,
        null,
        null,
        1,
        1,
        null,
        null,
        1,
        null,
        null,
        null,
        null,
        null,
        1,
        1,
        null,
        null,
        1,
        1,
        1,
        1,
        1,
        1,
        1,
        1,
        1,
        1,
        1,
        1,
        1,
        1,
        1,
        1,
        1,
        1,
        1,
        null,
        1,
        1,
        1,
        1,
        1,
        null,
        1,
        1,
        null,
        null,
        null,
        1,
        null,
        null,
        1,
        null,
        1,
        1,
        1,
        1,
        1,
        1,
        1,
        1,
        1,
        1,
        1,
        1,
        1,
        1,
        1,
        1,
        1,
        null,
        null,
        null,
        null,
        1,
        null,
        null,
        1,
        null,
        1,
        1,
        null,
        1,
        1,
        null,
        1,
        1,
        null,
        1,
        1,
        null,
        1,
        1,
        null,
        1,
        1,
        null,
        1,
        1,
        null,
        1,
        1,
        null,
        1,
        1,
        null,
        1,
        1,
        null,
        1,
        1,
        null,
        1,
        1,
        null,
        null,
        null,
        null,
        null,
        1,
        null,
        null,
        1,
        null,
        null,
        null,
        null,
        null,
        null,
        1,
        null
      ],
      "/Users/sekrett/code/api_wifi/api/lib/api_constraints.rb": [
        null,
        1,
        1,
        1,
        1,
        null,
        null,
        1,
        0,
        null,
        null
      ],
      "/Users/sekrett/code/api_wifi/api/spec/requests/api/opinions_spec.rb": [
        1,
        1,
        1,
        3,
        1,
        1,
        1,
        1,
        null,
        1,
        1,
        1,
        1,
        null,
        null,
        null
      ],
      "/Users/sekrett/code/api_wifi/api/spec/requests/api/polls/export_xlsx_spec.rb": [
        1,
        1,
        1,
        2,
        2,
        1,
        1,
        1,
        1,
        1,
        null,
        null,
        null
      ],
      "/Users/sekrett/code/api_wifi/api/spec/requests/api/stats/poll_activity_spec.rb": [
        1,
        null,
        1,
        3,
        246,
        null,
        null,
        3,
        3,
        3,
        3,
        3,
        null,
        null,
        null,
        null,
        3,
        3,
        null,
        null,
        3,
        3,
        null,
        null,
        null,
        null,
        null,
        null,
        null,
        1,
        1,
        4,
        4,
        4,
        4,
        4,
        4,
        1,
        1,
        1,
        1,
        null,
        1,
        null,
        1,
        1,
        1,
        1,
        null,
        1,
        null,
        1,
        1,
        1,
        1,
        null,
        1,
        null,
        null,
        null,
        null
      ],
      "/Users/sekrett/code/api_wifi/api/spec/requests/api/stats/private_stat_spec.rb": [
        1,
        1,
        14,
        14,
        14,
        14,
        1,
        13,
        null,
        null,
        null,
        null,
        null,
        null,
        12,
        null,
        1,
        1,
        1,
        1,
        null,
        null,
        null,
        null,
        null,
        null,
        null,
        null,
        null,
        1,
        1,
        1,
        1,
        null,
        null,
        1,
        1,
        1,
        1,
        null,
        null,
        null,
        1,
        1,
        null,
        null,
        null,
        null,
        1,
        1,
        1,
        1,
        null,
        null,
        null,
        null,
        null,
        1,
        1,
        1,
        1,
        null,
        null,
        null,
        1,
        1,
        1,
        1,
        null,
        null,
        null,
        1,
        1,
        1,
        1,
        null,
        null,
        null,
        null,
        null,
        1,
        1,
        null,
        null,
        null,
        null,
        null,
        1,
        1,
        1,
        1,
        null,
        null,
        null,
        null,
        null,
        null,
        null,
        null,
        null,
        null,
        1,
        1,
        1,
        1,
        null,
        null,
        null,
        1,
        1,
        1,
        1,
        null,
        null,
        null,
        null,
        null,
        1,
        1,
        1,
        1,
        null,
        null,
        null
      ],
      "/Users/sekrett/code/api_wifi/api/spec/requests/api/stats/public_stat_spec.rb": [
        1,
        1,
        null,
        1,
        5,
        5,
        5,
        5,
        null,
        null,
        1,
        1,
        1,
        1,
        1,
        1,
        null,
        null,
        null,
        null,
        null,
        null,
        null,
        null,
        1,
        1,
        1,
        1,
        null,
        null,
        null,
        null,
        null,
        1,
        1,
        1,
        1,
        null,
        null,
        null,
        null,
        null,
        null,
        null,
        1,
        1,
        1,
        1,
        null,
        null,
        null,
        null,
        null,
        null,
        null,
        null,
        null,
        1,
        1,
        1,
        1,
        null,
        null,
        null,
        null,
        null,
        null
      ],
      "/Users/sekrett/code/api_wifi/api/app/models/client.rb": [
        null,
        null,
        null,
        null,
        null,
        null,
        null,
        null,
        null,
        null,
        1,
        null,
        1,
        1,
        1,
        1,
        1,
        1,
        1,
        null,
        1,
        1,
        1,
        1,
        null,
        null,
        1,
        0,
        null,
        null,
        1,
        0,
        null,
        null,
        null,
        1,
        1,
        96,
        12,
        12,
        null,
        null,
        1,
        1,
        0,
        null,
        null
      ],
      "/Users/sekrett/code/api_wifi/api/app/models/application_record.rb": [
        1,
        1,
        1,
        null,
        1,
        1,
        92,
        null,
        null,
        1,
        1,
        0,
        null,
        null
      ],
      "/Users/sekrett/code/api_wifi/api/app/models/client_counter.rb": [
        null,
        null,
        null,
        null,
        null,
        null,
        null,
        null,
        null,
        null,
        null,
        null,
        1,
        1,
        1,
        null,
        3,
        2,
        null
      ],
      "/Users/sekrett/code/api_wifi/api/app/models/location.rb": [
        null,
        null,
        null,
        null,
        null,
        null,
        null,
        null,
        null,
        null,
        null,
        null,
        null,
        null,
        null,
        null,
        null,
        null,
        null,
        null,
        null,
        null,
        null,
        null,
        null,
        null,
        null,
        null,
        null,
        null,
        null,
        null,
        null,
        null,
        null,
        null,
        null,
        null,
        null,
        null,
        1,
        null,
        1,
        1,
        1,
        1,
        0,
        null,
        null,
        null,
        1,
        0,
        null,
        null,
        null,
        null,
        1,
        1,
        1,
        null,
        null,
        1,
        0,
        null,
        null,
        1,
        1,
        0,
        0,
        null,
        null,
        1,
        0,
        null,
        null,
        1,
        0,
        null,
        null,
        1,
        0,
        null,
        null,
        1,
        0,
        null,
        null,
        1,
        0,
        null,
        null,
        1,
        null,
        1,
        null,
        null,
        null,
        null,
        null,
        null,
        null,
        null,
        null,
        0,
        null,
        null,
        1,
        0,
        null,
        null,
        1,
        0,
        null,
        null,
        1,
        0,
        null,
        null,
        null,
        1,
        1,
        1,
        1,
        1,
        1,
        1,
        1,
        1,
        1,
        1,
        1,
        null,
        null,
        null,
        null,
        null,
        null,
        1,
        1,
        1,
        1,
        1,
        null,
        null,
        null,
        null,
        null,
        null,
        null,
        null,
        null,
        1,
        1,
        null,
        null,
        1,
        null,
        1,
        null,
        1,
        0,
        null,
        null,
        null,
        null,
        null
      ],
      "/Users/sekrett/code/api_wifi/api/app/models/brand.rb": [
        null,
        null,
        null,
        null,
        null,
        null,
        null,
        null,
        null,
        null,
        null,
        null,
        null,
        null,
        null,
        null,
        null,
        null,
        null,
        null,
        null,
        null,
        null,
        1,
        null,
        1,
        1,
        null,
        1,
        1,
        1,
        1,
        null,
        null,
        1,
        null,
        1,
        1,
        1,
        null,
        null,
        1,
        null,
        null,
        1,
        null,
        1,
        130,
        null,
        null,
        null,
        1,
        195,
        null,
        null,
        1,
        1,
        0,
        null,
        null,
        1,
        65,
        65,
        null,
        null
      ],
      "/Users/sekrett/code/api_wifi/api/app/models/layout.rb": [
        null,
        null,
        null,
        null,
        null,
        null,
        null,
        null,
        null,
        null,
        null,
        1,
        null,
        1,
        null
      ],
      "/Users/sekrett/code/api_wifi/api/app/models/category.rb": [
        null,
        null,
        null,
        null,
        null,
        null,
        null,
        null,
        null,
        null,
        null,
        1,
        null
      ],
      "/Users/sekrett/code/api_wifi/api/lib/redis_cache.rb": [
        null,
        1,
        1,
        1,
        null,
        1,
        1,
        1,
        1,
        1,
        1,
        1,
        1,
        1,
        null,
        1,
        1,
        0,
        null,
        null,
        null,
        null,
        null,
        null,
        1,
        1,
        48,
        48,
        null,
        null,
        1,
        1,
        24,
        24,
        24,
        null,
        null,
        1,
        1,
        0,
        null,
        null,
        1,
        1,
        0,
        null,
        null,
        1,
        1,
        0,
        null,
        null,
        1,
        1,
        65,
        null,
        null,
        1,
        1,
        72,
        null,
        null,
        1,
        1,
        0,
        0,
        null,
        null,
        1,
        1,
        0,
        0,
        0,
        0,
        0,
        0,
        0,
        0,
        0,
        null,
        null,
        1,
        1,
        0,
        0,
        0,
        0,
        0,
        null,
        null,
        null,
        0,
        0,
        0,
        0,
        0,
        0,
        0,
        0,
        0,
        0,
        null,
        0,
        null,
        null,
        1,
        null,
        1,
        1,
        0,
        0,
        0,
        0,
        null,
        0,
        0,
        null,
        0,
        null,
        null,
        1,
        1,
        0,
        null,
        null,
        null,
        null,
        null,
        null,
        null,
        null,
        0,
        null,
        null,
        1,
        1,
        137,
        137,
        137,
        137,
        89,
        89,
        89,
        null,
        89,
        89,
        89,
        null,
        null,
        1,
        1,
        3,
        3,
        3,
        3,
        null,
        null
      ],
      "/Users/sekrett/code/api_wifi/api/app/models/user.rb": [
        null,
        null,
        null,
        null,
        null,
        null,
        null,
        null,
        null,
        null,
        null,
        null,
        null,
        null,
        null,
        null,
        null,
        null,
        null,
        1,
        null,
        1,
        1,
        1,
        1,
        1,
        1,
        1,
        1,
        1,
        1,
        1,
        1,
        1,
        1,
        1,
        1,
        1,
        null,
        1,
        null,
        null,
        1,
        null,
        null,
        null,
        null,
        null,
        null,
        null,
        1,
        null,
        1,
        1,
        24,
        null,
        null,
        null,
        null,
        null,
        null,
        null,
        null,
        null,
        null,
        null,
        null,
        null,
        null,
        null,
        null,
        null,
        null,
        null,
        null,
        1,
        1,
        48,
        48,
        null,
        null,
        1,
        1,
        48,
        null,
        null,
        1,
        1,
        48,
        null,
        null,
        1,
        1,
        48,
        null,
        null,
        1,
        1,
        48,
        null,
        null,
        null,
        1,
        336,
        null,
        null,
        1,
        24,
        null,
        null,
        1,
        144,
        null,
        null,
        1,
        24,
        null,
        null,
        1,
        48,
        null,
        null,
        1,
        24,
        null,
        null,
        1,
        48,
        null,
        null,
        1,
        24,
        null,
        null,
        1,
        48,
        null,
        null,
        1,
        24,
        null,
        null,
        1,
        48,
        null,
        null,
        1,
        24,
        null,
        null,
        1,
        48,
        null,
        null,
        1,
        24,
        null,
        null,
        1,
        96,
        null,
        null,
        1,
        24,
        null,
        null,
        1,
        48,
        null,
        null,
        1,
        24,
        null,
        null,
        null,
        null,
        null,
        null,
        null,
        null,
        null,
        null,
        null,
        null,
        null,
        null,
        1,
        82,
        null,
        null,
        1,
        24,
        null,
        null,
        1,
        82,
        null,
        null,
        1,
        24,
        null,
        null,
        null,
        null,
        null,
        null,
        null,
        null,
        null,
        null,
        1,
        0,
        null,
        null,
        1,
        0,
        null,
        null
      ],
      "/Users/sekrett/code/api_wifi/api/app/controllers/auth_controller.rb": [
        1,
        1,
        1,
        null,
        1,
        1,
        24,
        24,
        24,
        null,
        null,
        null,
        null,
        null,
        null,
        null,
        null,
        1,
        1,
        24,
        24,
        0,
        0,
        0,
        0,
        null,
        null,
        null,
        null,
        null,
        null,
        null,
        null,
        null,
        null,
        null,
        null,
        1,
        1,
        0,
        0,
        0,
        0,
        0,
        0,
        0,
        0,
        null,
        null,
        null,
        1,
        1,
        24,
        null,
        null,
        null,
        1,
        1,
        0,
        0,
        null,
        0,
        null,
        0,
        null,
        null,
        0,
        0,
        0,
        null,
        0,
        null,
        null,
        null,
        null,
        null,
        null,
        null,
        null,
        null,
        0,
        null,
        null,
        null,
        null,
        1,
        1,
        24,
        24,
        24,
        24,
        24,
        24,
        null,
        0,
        0,
        0,
        0,
        0,
        0,
        null,
        0,
        null,
        null,
        null,
        null,
        1,
        null,
        1,
        null,
        0,
        null,
        null,
        1,
        null,
        0,
        null,
        null,
        1,
        1,
        0,
        null,
        0,
        null,
        0,
        0,
        0,
        0,
        0,
        0,
        0,
        0,
        null,
        0,
        null,
        0,
        0,
        0,
        null,
        0,
        0,
        null,
        0,
        0,
        null,
        0,
        0,
        0,
        0,
        null,
        0,
        null,
        null,
        1,
        null,
        null,
        null,
        null,
        null,
        null,
        null,
        24,
        null,
        null,
        1,
        1,
        24,
        24,
        24,
        null,
        null,
        1,
        1,
        null,
        null,
        null,
        null,
        24,
        null,
        null,
        1,
        24,
        null,
        null,
        1,
        24,
        null,
        null,
        1,
        0,
        null,
        null,
        1,
        null,
        0,
        null,
        null,
        1,
        1,
        24,
        24,
        null,
        24,
        24,
        null,
        null
      ],
      "/Users/sekrett/code/api_wifi/api/app/controllers/application_controller.rb": [
        null,
        1,
        null,
        null,
        1,
        1,
        1,
        null,
        1,
        1,
        1,
        1,
        1,
        1,
        null,
        null,
        1,
        null,
        null,
        null,
        null,
        1,
        0,
        0,
        null,
        null,
        null,
        1,
        0,
        0,
        null,
        null,
        null,
        1,
        0,
        null,
        null,
        1,
        null,
        1,
        0,
        0,
        null,
        null,
        1,
        1,
        0,
        null,
        null,
        1,
        1,
        24,
        null,
        null,
        1,
        0,
        null,
        null,
        1,
        0,
        null,
        null,
        1,
        53,
        null,
        null,
        1,
        53,
        0,
        0,
        0,
        0,
        null,
        null,
        null,
        null,
        53,
        null,
        53,
        null,
        53,
        53,
        53,
        null,
        null,
        1,
        0,
        null,
        null,
        1,
        0,
        0,
        0,
        null,
        null,
        1,
        0,
        0,
        0,
        null,
        null,
        1,
        1,
        null,
        48,
        null,
        48,
        48,
        48,
        null,
        48,
        null,
        48,
        0,
        0,
        0,
        0,
        null,
        1,
        null,
        1,
        1,
        24,
        null,
        1,
        null,
        1,
        1,
        0,
        null,
        1,
        null,
        1,
        0,
        null,
        1,
        null,
        1,
        1,
        53,
        null,
        null,
        1,
        1,
        28,
        28,
        28,
        null,
        null
      ],
      "/Users/sekrett/code/api_wifi/api/lib/token.rb": [
        1,
        1,
        1,
        1,
        null,
        1,
        48,
        48,
        48,
        null,
        null,
        1,
        0,
        null,
        null,
        1,
        24,
        null,
        null
      ],
      "/Users/sekrett/code/api_wifi/api/app/controllers/dashboard/clients_controller.rb": [
        1,
        1,
        null,
        1,
        1,
        1,
        null,
        1,
        1,
        1,
        7,
        null,
        null,
        null,
        null,
        null,
        7,
        null,
        null,
        null,
        null,
        null,
        null,
        null,
        1,
        0,
        0,
        null,
        null,
        null,
        null,
        null,
        null,
        null,
        null,
        1,
        0,
        0,
        null,
        null,
        null,
        null,
        null,
        null,
        null,
        null,
        null,
        null,
        null,
        null,
        null,
        1,
        null,
        0,
        null,
        null,
        1,
        0,
        null,
        null,
        null,
        null,
        null,
        null,
        null,
        null,
        null,
        null,
        null,
        null,
        null,
        null,
        null,
        null,
        null,
        null,
        null,
        null,
        null,
        null,
        1,
        null,
        null,
        0,
        null,
        null,
        null,
        null,
        null,
        null,
        null,
        null,
        null,
        null,
        null,
        1,
        0,
        0,
        null,
        null,
        1,
        0,
        0,
        null,
        null,
        1,
        null,
        1,
        14,
        null,
        null,
        1,
        7,
        null,
        null,
        1,
        7,
        null,
        null,
        1,
        7,
        7,
        7,
        7,
        7,
        14,
        null,
        7,
        null,
        null,
        1,
        7,
        7,
        null,
        null,
        null
      ],
      "/Users/sekrett/code/api_wifi/api/app/models/router.rb": [
        null,
        null,
        null,
        null,
        null,
        null,
        null,
        null,
        null,
        null,
        null,
        null,
        null,
        null,
        null,
        null,
        null,
        null,
        null,
        null,
        null,
        null,
        null,
        null,
        null,
        null,
        null,
        null,
        null,
        null,
        null,
        null,
        null,
        1,
        1,
        null,
        1,
        1,
        1,
        null,
        1,
        null,
        1,
        1,
        1,
        1,
        1,
        1,
        1,
        1,
        null,
        null,
        null,
        null,
        null,
        null,
        1,
        1,
        null,
        null,
        null,
        null,
        null,
        null,
        null,
        null,
        null,
        null,
        null,
        null,
        1,
        null,
        null,
        1,
        21,
        null,
        null,
        1,
        1,
        0,
        null,
        null,
        null,
        1,
        null,
        21,
        21,
        21,
        null,
        21,
        21,
        null,
        null,
        21,
        21,
        21,
        null,
        21,
        21,
        21,
        21,
        21,
        21,
        21,
        21,
        null,
        null,
        1,
        1,
        0,
        null,
        null,
        1,
        1,
        0,
        null,
        null,
        null,
        1,
        1,
        0,
        0,
        0,
        0,
        0,
        0,
        0,
        0,
        null,
        null,
        null,
        1,
        1,
        0,
        null,
        0,
        null,
        0,
        0,
        0,
        0,
        0,
        null,
        0,
        0,
        0,
        null,
        0,
        null,
        null,
        null,
        null,
        null,
        null,
        1,
        1,
        0,
        0,
        0,
        0,
        0,
        0,
        0,
        0,
        0,
        0,
        null,
        null,
        0,
        null,
        0,
        null,
        null,
        null,
        1,
        0,
        0,
        0,
        0,
        0,
        0,
        0,
        0,
        0,
        null,
        null,
        1,
        1,
        null,
        null,
        null,
        null,
        1,
        1,
        0,
        0,
        0,
        0,
        0,
        0,
        0,
        0,
        0,
        0,
        0,
        0,
        0,
        0,
        0,
        0,
        null,
        null,
        null,
        1,
        0,
        0,
        null,
        null,
        1,
        0,
        0,
        null,
        null,
        1,
        21,
        21,
        null,
        null
      ],
      "/Users/sekrett/code/api_wifi/api/lib/ssl.rb": [
        1,
        null,
        null,
        null,
        1,
        1,
        21,
        21,
        null,
        null,
        null,
        null,
        null,
        null,
        null,
        null,
        null,
        null,
        null,
        1,
        21,
        21,
        null,
        null,
        null,
        null,
        null,
        null,
        21,
        null,
        null,
        1,
        63,
        42,
        147,
        147,
        null,
        42,
        null,
        null,
        1,
        21,
        null,
        null,
        1,
        21,
        null,
        21,
        null,
        21,
        168,
        null,
        null,
        21,
        21,
        21,
        21,
        21,
        null,
        21,
        21,
        21,
        21,
        21,
        null,
        21,
        21,
        21,
        null,
        21,
        21,
        21,
        null,
        21,
        21,
        21,
        null,
        21,
        null,
        21,
        21,
        null,
        21,
        null,
        null,
        1,
        0,
        0,
        null,
        null,
        1,
        21,
        null,
        null,
        null,
        null,
        null,
        null,
        null,
        1,
        null,
        0,
        0,
        0,
        0,
        0,
        0,
        null,
        0,
        null,
        null
      ],
      "/Users/sekrett/code/api_wifi/api/lib/zip_file_generator.rb": [
        1,
        1,
        null,
        1,
        null,
        1,
        0,
        0,
        null,
        null,
        null,
        1,
        0,
        0,
        0,
        0,
        0,
        0,
        null,
        null,
        null,
        1,
        0,
        0,
        0,
        0,
        0,
        0,
        0,
        0,
        0,
        null,
        0,
        null,
        null,
        null,
        null,
        1,
        0,
        0,
        0,
        null,
        null
      ],
      "/Users/sekrett/code/api_wifi/api/app/models/poll.rb": [
        null,
        null,
        null,
        null,
        null,
        null,
        null,
        null,
        null,
        null,
        null,
        null,
        null,
        1,
        null,
        1,
        1,
        1,
        1,
        1,
        null,
        null,
        1,
        1,
        null,
        1,
        1,
        0,
        null,
        null
      ],
      "/Users/sekrett/code/api_wifi/api/app/services/client_sort_service.rb": [
        null,
        1,
        1,
        7,
        7,
        7,
        7,
        7,
        7,
        null,
        null,
        1,
        19,
        null,
        null,
        7,
        null,
        null,
        1,
        null,
        12,
        12,
        null,
        null,
        1,
        null,
        12,
        14,
        null,
        null,
        1,
        null,
        null,
        null,
        null,
        null,
        null,
        null,
        null,
        null,
        null,
        7,
        null,
        null,
        1,
        null,
        null,
        null,
        null,
        14,
        null,
        null,
        1,
        7,
        null,
        null,
        1,
        28,
        null,
        null
      ],
      "/Users/sekrett/code/api_wifi/api/app/policies/location_policy.rb": [
        1,
        1,
        null,
        1,
        1,
        0,
        0,
        0,
        0,
        0,
        0,
        null,
        0,
        0,
        0,
        0,
        null,
        0,
        0,
        0,
        0,
        null,
        0,
        0,
        null,
        null,
        1,
        0,
        null,
        1,
        null,
        null
      ],
      "/Users/sekrett/code/api_wifi/api/app/policies/application_policy.rb": [
        null,
        null,
        null,
        null,
        null,
        null,
        null,
        null,
        null,
        null,
        null,
        1,
        1,
        1,
        null,
        1,
        2,
        2,
        null,
        null,
        1,
        1,
        1,
        null,
        1,
        1,
        1,
        1,
        1,
        1,
        null,
        null,
        1,
        1,
        0,
        0,
        0,
        0,
        0,
        0,
        null,
        null,
        1,
        1,
        null,
        null,
        0,
        0,
        0,
        0,
        0,
        0,
        null,
        null,
        1,
        0,
        null,
        null,
        1,
        1,
        0,
        0,
        0,
        0,
        0,
        null,
        null,
        1,
        0,
        null,
        null,
        1,
        1,
        0,
        0,
        0,
        0,
        0,
        null,
        null,
        1,
        0,
        null,
        null,
        1,
        null,
        1,
        2,
        null,
        null,
        1,
        0,
        null,
        null,
        1,
        0,
        null,
        null,
        1,
        1,
        1,
        1,
        null,
        null,
        1,
        1,
        1,
        null,
        1,
        22,
        22,
        null,
        null,
        1,
        22,
        22,
        15,
        15,
        15,
        15,
        15,
        null,
        null,
        1,
        22,
        null,
        null,
        1,
        0,
        null,
        null,
        1,
        0,
        null,
        null,
        null
      ],
      "/Users/sekrett/code/api_wifi/api/app/models/social_account.rb": [
        null,
        null,
        null,
        null,
        null,
        null,
        null,
        null,
        null,
        null,
        null,
        null,
        null,
        null,
        null,
        null,
        null,
        null,
        null,
        null,
        null,
        null,
        null,
        1,
        1,
        null,
        1,
        1,
        1,
        null,
        null,
        null,
        null,
        null,
        1,
        null,
        1,
        1,
        0,
        null,
        null,
        1,
        0,
        null,
        null,
        1,
        1,
        0,
        null,
        0,
        null,
        0,
        null,
        0,
        null,
        0,
        null,
        0,
        null,
        0,
        0,
        null,
        null,
        1,
        1,
        0,
        0,
        0,
        0,
        0,
        0,
        0,
        0,
        0,
        0,
        0,
        null,
        null,
        1,
        1,
        0,
        0,
        0,
        0,
        0,
        null,
        null,
        null,
        null,
        null,
        0,
        null,
        0,
        null,
        null
      ],
      "/Users/sekrett/code/api_wifi/api/app/models/opinion.rb": [
        null,
        null,
        null,
        null,
        null,
        null,
        null,
        null,
        null,
        null,
        null,
        null,
        null,
        1,
        null,
        1,
        null,
        null,
        null
      ],
      "/Users/sekrett/code/api_wifi/api/app/controllers/dashboard/opinions_controller.rb": [
        1,
        1,
        1,
        null,
        1,
        1,
        1,
        1,
        null,
        null,
        null,
        null,
        null,
        null,
        1,
        0,
        0,
        null,
        null,
        null,
        null,
        null,
        null,
        1,
        1,
        1,
        1,
        1,
        1,
        null,
        null,
        null,
        null,
        null,
        0,
        null,
        null,
        null,
        1,
        0,
        0,
        0,
        null,
        null,
        null,
        null,
        null,
        null,
        1,
        0,
        0,
        0,
        null,
        null,
        null,
        null,
        null,
        0,
        null,
        null,
        null,
        null,
        null,
        null,
        null,
        1,
        0,
        null,
        null,
        null,
        null,
        null,
        null,
        1,
        null,
        1,
        0,
        null,
        null
      ],
      "/Users/sekrett/code/api_wifi/api/app/policies/opinion_policy.rb": [
        1,
        1,
        1,
        null,
        null,
        1,
        null,
        null
      ],
      "/Users/sekrett/code/api_wifi/api/app/models/question.rb": [
        null,
        null,
        null,
        null,
        null,
        null,
        null,
        null,
        null,
        null,
        null,
        null,
        1,
        null,
        1,
        18,
        1,
        null,
        1,
        null,
        1,
        1,
        0,
        null,
        null
      ],
      "/Users/sekrett/code/api_wifi/api/app/controllers/dashboard/surveys/polls_controller.rb": [
        1,
        1,
        null,
        1,
        1,
        null,
        1,
        1,
        0,
        0,
        0,
        null,
        null,
        null,
        null,
        null,
        null,
        null,
        null,
        null,
        null,
        1,
        1,
        0,
        0,
        0,
        null,
        null,
        null,
        null,
        null,
        null,
        null,
        0,
        null,
        null,
        null,
        null,
        null,
        null,
        null,
        null,
        1,
        1,
        0,
        0,
        0,
        0,
        null,
        null,
        null,
        null,
        null,
        0,
        0,
        null,
        null,
        null,
        0,
        null,
        null,
        null,
        null,
        null,
        null,
        1,
        1,
        0,
        0,
        null,
        0,
        0,
        null,
        0,
        0,
        null,
        null,
        null,
        null,
        null,
        0,
        0,
        null,
        null,
        null,
        0,
        null,
        null,
        null,
        null,
        null,
        null,
        1,
        1,
        0,
        0,
        0,
        0,
        null,
        null,
        null,
        null,
        null,
        0,
        null,
        null,
        null,
        null,
        null,
        null,
        null,
        1,
        1,
        1,
        1,
        null,
        null,
        null,
        null,
        null,
        null,
        null,
        1,
        null,
        1,
        0,
        null,
        null,
        1,
        1,
        1,
        1,
        1,
        1,
        null,
        null,
        null,
        null
      ],
      "/Users/sekrett/code/api_wifi/api/app/services/poll_statistic/question_service.rb": [
        1,
        1,
        1,
        null,
        1,
        null,
        7,
        4,
        4,
        4,
        9,
        null,
        4,
        10,
        4,
        6,
        null,
        null,
        null,
        6,
        null,
        6,
        null,
        4,
        4,
        4,
        null,
        null,
        1,
        null,
        null,
        null,
        null,
        1,
        null,
        null,
        1,
        3,
        3,
        null,
        null,
        null,
        1,
        1,
        1,
        1,
        1,
        1,
        1,
        1,
        1,
        1,
        null,
        1,
        1,
        null,
        null,
        null,
        17,
        1,
        1,
        0,
        null,
        null,
        null,
        null,
        1,
        null,
        null,
        null,
        null,
        null,
        null,
        null,
        null,
        null,
        null,
        null,
        null,
        null,
        null,
        null,
        null
      ],
      "/Users/sekrett/code/api_wifi/api/app/services/poll_statistic/base_service.rb": [
        1,
        1,
        1,
        7,
        7,
        null,
        null,
        1,
        null,
        null
      ],
      "/Users/sekrett/code/api_wifi/api/app/models/answer.rb": [
        null,
        null,
        null,
        null,
        null,
        null,
        null,
        null,
        null,
        null,
        null,
        null,
        1,
        null,
        1,
        1,
        1,
        null,
        1,
        1,
        0,
        null,
        1,
        1,
        null
      ],
      "/Users/sekrett/code/api_wifi/api/app/models/attempt.rb": [
        null,
        null,
        null,
        null,
        null,
        null,
        null,
        null,
        null,
        null,
        null,
        null,
        null,
        null,
        null,
        1,
        1,
        1,
        1,
        1,
        1,
        null,
        1,
        1,
        1,
        0,
        null,
        null
      ],
      "/Users/sekrett/code/api_wifi/api/app/models/social_log.rb": [
        null,
        null,
        null,
        null,
        null,
        null,
        null,
        null,
        null,
        null,
        null,
        null,
        null,
        1,
        null,
        1,
        1,
        1,
        1,
        null,
        null,
        1,
        null,
        null,
        null,
        null,
        null,
        null,
        null,
        null,
        null,
        null,
        0,
        null,
        null,
        2,
        null,
        5,
        null,
        1,
        1,
        null,
        null,
        null,
        1,
        1,
        null,
        null,
        null,
        1,
        1,
        2,
        2,
        4,
        4,
        4,
        2,
        null,
        null,
        1,
        1,
        3,
        3,
        null,
        null,
        null,
        null,
        null,
        null,
        null,
        null,
        null,
        null,
        null,
        null,
        null,
        null,
        null,
        3,
        3,
        null,
        null,
        1,
        1,
        1,
        1,
        null,
        null,
        1,
        1,
        1,
        1,
        2,
        2,
        1,
        null,
        null,
        1,
        1,
        3,
        3,
        null,
        null,
        null,
        null,
        null,
        null,
        null,
        null,
        null,
        null,
        null,
        null,
        null,
        3,
        3,
        null,
        null,
        1,
        1,
        3,
        3,
        null,
        null,
        null,
        1,
        2,
        2,
        null,
        null,
        null,
        null,
        null,
        null,
        null,
        null,
        null,
        null,
        null,
        null,
        null,
        null,
        null,
        null,
        null,
        null,
        null,
        null,
        null,
        null,
        null,
        null,
        null,
        null,
        null,
        null,
        null,
        null,
        null,
        2,
        2,
        2,
        2,
        2,
        2,
        2,
        2,
        2,
        2,
        null,
        2,
        null,
        null
      ],
      "/Users/sekrett/code/api_wifi/api/app/jobs/router_updater.rb": [
        1,
        1,
        null,
        1,
        0,
        null,
        null
      ],
      "/Users/sekrett/code/api_wifi/api/app/jobs/application_job.rb": [
        1,
        null
      ],
      "/Users/sekrett/code/api_wifi/api/app/jobs/router_package_builder.rb": [
        1,
        1,
        1,
        0,
        null,
        null
      ],
      "/Users/sekrett/code/api_wifi/api/app/controllers/dashboard/stats_controller.rb": [
        1,
        null,
        null,
        1,
        1,
        null,
        1,
        null,
        1,
        1,
        1,
        null,
        null,
        null,
        null,
        1,
        null,
        1,
        null,
        null,
        1,
        1,
        1,
        null,
        null,
        1,
        null,
        1,
        null,
        null,
        1,
        1,
        1,
        null,
        null,
        null,
        null,
        null,
        null,
        null,
        null,
        null,
        null,
        1,
        1,
        1,
        null,
        null,
        1,
        1,
        1,
        null,
        null,
        1,
        1,
        1,
        null,
        null,
        1,
        1,
        1,
        null,
        null,
        1,
        1,
        1,
        null,
        null,
        1,
        1,
        1,
        null,
        null,
        1,
        1,
        1,
        null,
        null,
        1,
        1,
        1,
        null,
        null,
        null,
        null,
        null,
        null,
        null,
        null,
        null,
        null,
        1,
        1,
        3,
        null,
        null,
        null,
        null,
        null,
        null,
        1,
        null,
        1,
        1,
        3,
        3,
        3,
        3,
        3,
        3,
        null,
        3,
        null,
        null,
        1,
        1,
        19,
        19,
        19,
        19,
        null,
        null,
        1,
        19,
        null,
        null,
        1,
        1,
        0,
        0,
        null,
        null,
        null
      ],
      "/Users/sekrett/code/api_wifi/api/app/services/statistic_service.rb": [
        1,
        1,
        1,
        null,
        null,
        null,
        null,
        null,
        null,
        null,
        null,
        null,
        null,
        null,
        null,
        null,
        null,
        null,
        null,
        null,
        null,
        null,
        null,
        null,
        null,
        null,
        null,
        null,
        1,
        null,
        null,
        null,
        1,
        19,
        19,
        null,
        null,
        1,
        1,
        1,
        3,
        1,
        1,
        null,
        null,
        null,
        null,
        1,
        null,
        null,
        1,
        1,
        3,
        15,
        3,
        3,
        null,
        null,
        null,
        null,
        null,
        3,
        null,
        null,
        1,
        1,
        3,
        21,
        3,
        3,
        null,
        null,
        null,
        null,
        null,
        null,
        null,
        3,
        null,
        null,
        1,
        1,
        1,
        3,
        1,
        1,
        1,
        null,
        null,
        1,
        1,
        3,
        3,
        21,
        3,
        3,
        null,
        null,
        null,
        null,
        null,
        null,
        null,
        3,
        null,
        null,
        1,
        1,
        2,
        null,
        null,
        null,
        null,
        8,
        2,
        2,
        null,
        null,
        null,
        null,
        2,
        null,
        null,
        1,
        1,
        null,
        2,
        null,
        null,
        null,
        null,
        null,
        null,
        null,
        null,
        null,
        null,
        null,
        2,
        null,
        null,
        1,
        1,
        15,
        15,
        null,
        null,
        null,
        null,
        null,
        null,
        null,
        null,
        null,
        null,
        null,
        null,
        82,
        null,
        15,
        null,
        null,
        1,
        1,
        32,
        null,
        null,
        0,
        null,
        null,
        0,
        null,
        null,
        0,
        null,
        null,
        0,
        null,
        null,
        32,
        null,
        null,
        32,
        null,
        null,
        0,
        null,
        null,
        0,
        null,
        null,
        0,
        null,
        null,
        0,
        null,
        null,
        null,
        1,
        1,
        1,
        null,
        null,
        1,
        1,
        1,
        null,
        null,
        1,
        1,
        null,
        null,
        null,
        1,
        null,
        null,
        1,
        1,
        1,
        null,
        null,
        1,
        1,
        1,
        null,
        null,
        1,
        1,
        1,
        null,
        null
      ],
      "/Users/sekrett/code/api_wifi/api/app/services/poll_statistic/activity_service.rb": [
        1,
        1,
        1,
        null,
        1,
        3,
        1,
        1,
        1,
        null,
        3,
        3,
        3,
        50,
        50,
        50,
        null,
        3,
        null,
        3,
        null,
        null,
        1,
        3,
        6,
        null,
        null,
        1,
        null,
        1,
        null,
        1,
        null,
        1,
        9,
        null,
        null,
        1,
        6,
        null,
        null,
        1,
        6,
        null,
        null,
        1,
        5,
        null,
        null,
        1,
        3,
        null,
        null,
        null,
        null,
        null,
        null,
        null,
        null,
        null,
        null,
        null,
        null,
        null,
        null,
        null,
        null,
        null,
        null,
        null,
        3,
        null,
        null,
        null
      ],
      "/Users/sekrett/code/api_wifi/api/app/models/client_visit.rb": [
        null,
        null,
        null,
        null,
        null,
        null,
        null,
        null,
        null,
        null,
        null,
        1,
        1,
        1,
        null
      ],
      "/Users/sekrett/code/api_wifi/api/app/controllers/dashboard/public_stats_controller.rb": [
        1,
        1,
        1,
        null,
        1,
        1,
        1,
        null,
        null,
        null,
        null,
        null,
        null,
        null,
        null,
        1,
        null,
        1,
        null,
        null,
        1,
        1,
        1,
        null,
        null,
        1,
        1,
        1,
        null,
        null,
        1,
        1,
        1,
        null,
        null,
        1,
        1,
        1,
        null,
        null,
        1,
        1,
        1,
        8,
        null,
        null,
        null,
        null
      ]
    },
    "timestamp": 1501228566
  }
}
